生成启动时间为 2020/10/2 11:41:09。
     1>项目“C:\Users\ASUS_\Desktop\RPC_Advanced Operating System\Server\Server\Server.vcxproj”在节点 2 上(build 个目标)。
     1>InitializeBuildStatus:
         正在创建“Debug\Server.unsuccessfulbuild”，因为已指定“AlwaysCreate”。
       ClCompile:
         所有输出均为最新。
         F:\Software\vs\VC\bin\CL.exe /c /ZI /nologo /W3 /WX- /Od /Oy- /D _MBCS /Gm /EHsc /RTC1 /MT /GS /fp:precise /Zc:wchar_t /Zc:forScope /Fo"Debug\\" /Fd"Debug\vc100.pdb" /Gd /TP /analyze- /errorReport:prompt server.cpp
         server.cpp
       Link:
         F:\Software\vs\VC\bin\link.exe /ERRORREPORT:PROMPT /OUT:"C:\Users\ASUS_\Desktop\RPC_Advanced Operating System\Server\Debug\Server.exe" /NOLOGO kernel32.lib rpcrt4.lib rpcrt4.lib user32.lib gdi32.lib winspool.lib comdlg32.lib advapi32.lib shell32.lib ole32.lib oleaut32.lib uuid.lib odbc32.lib odbccp32.lib kernel32.lib user32.lib gdi32.lib winspool.lib comdlg32.lib advapi32.lib shell32.lib ole32.lib oleaut32.lib uuid.lib odbc32.lib odbccp32.lib /MANIFEST /ManifestFile:"Debug\Server.exe.intermediate.manifest" /MANIFESTUAC:"level='asInvoker' uiAccess='false'" /DEBUG /PDB:"C:\Users\ASUS_\Desktop\RPC_Advanced Operating System\Server\Debug\Server.pdb" /TLBID:1 /DYNAMICBASE /NXCOMPAT /IMPLIB:"C:\Users\ASUS_\Desktop\RPC_Advanced Operating System\Server\Debug\Server.lib" /MACHINE:X86 Debug\hello_s.obj
         Debug\server.obj
         LINK : 没有找到 C:\Users\ASUS_\Desktop\RPC_Advanced Operating System\Server\Debug\Server.exe 或上一个增量链接没有生成它；正在执行完全链接
         Server.vcxproj -> C:\Users\ASUS_\Desktop\RPC_Advanced Operating System\Server\Debug\Server.exe
       Manifest:
         c:\Program Files (x86)\Microsoft SDKs\Windows\v7.0A\bin\mt.exe /nologo /verbose /outputresource:"C:\Users\ASUS_\Desktop\RPC_Advanced Operating System\Server\Debug\Server.exe;#1" /manifest Debug\Server.exe.intermediate.manifest
       FinalizeBuildStatus:
         正在删除文件“Debug\Server.unsuccessfulbuild”。
         正在对“Debug\Server.lastbuildstate”执行 Touch 任务。
     1>已完成生成项目“C:\Users\ASUS_\Desktop\RPC_Advanced Operating System\Server\Server\Server.vcxproj”(build 个目标)的操作。

生成成功。

已用时间 00:00:01.82
